[LibLoader/main/INFO] LibLoader change: 
currentVersion null
bestVersion 0.1.14952247.16783-SNAPSHOT
bestFile mods\TickThreading-0.0.1-extended.jar
delete false
update true
[LibLoader/ForkJoinPool.commonPool-worker-2/INFO] Downloading library org.javassist.javassist-3.22.0-CR1 from https://jcenter.bintray.com/org/javassist/javassist/3.22.0-CR1/javassist-3.22.0-CR1.jar. Expected hash: 1a955bad6b2755153f5abb8ee808b4ac002dc26f8d9c391ebba5d6743d5dd06efc2a1dcb70e5eac0396696f7583ea89f6b5d8c05f971f54f2d56a12a2bb50e82
[LibLoader/ForkJoinPool.commonPool-worker-3/INFO] Downloading library me.nallar.whocalled.WhoCalled-1.1 from https://jcenter.bintray.com/me/nallar/whocalled/WhoCalled/1.1/WhoCalled-1.1.jar. Expected hash: 6d4275e1b41ba7ce297ccb00db0afda0e5add3e07aea80220550d11a90d9a1fe01340d3f44c7d9fe67f463c96a0a6df233a28df882515bb05834868cdcdbc04f
[LibLoader/main/INFO] Downloading library com.github.javaparser.javaparser-core-3.2.4 from https://jcenter.bintray.com/com/github/javaparser/javaparser-core/3.2.4/javaparser-core-3.2.4.jar. Expected hash: e9ecfe1bd5b9e0532d88093ba565e1420a694b10353243e1c9ba0a32c2aa5a743442df532deb5deeb6d8ab1c3c541e440cc57f1d64b86263e4b1207ed6c12163
[LibLoader/main/INFO] Downloading library org.json.json-20090211 from https://jcenter.bintray.com/org/json/json/20090211/json-20090211.jar. Expected hash: ea18db6a9b2db4753bbabfde3ebf2159c0bb71dc8ac5f8a7b6ace9666b0b82a04927952db7c9285ace05301bd2cee289d8ba022a4229550de6ba0099659a37d7
[LibLoader/main/INFO] Found libs:
[org.javassist.javassist-3.22.0-CR1
org.minimallycorrect.modpatcher.ModPatcher-1.12-SNAPSHOT
org.minimallycorrect.mixin.Mixin-1.0-SNAPSHOT
com.github.javaparser.javaparser-core-3.2.4
org.json.json-20090211
org.minimallycorrect.typedconfig.TypedConfig-0.1-SNAPSHOT
me.nallar.whocalled.WhoCalled-1.1
me.nallar.JavaPatcher-1.8
org.minimallycorrect.javatransformer.JavaTransformer-1.8.3]
[LibLoader/main/INFO] Current LaunchClassLoader URLs:
[file:/E:/GRASS_CRAFT/.minecraft/libraries/net/minecraftforge/forge/1.12.2-14.23.5.2847/forge-1.12.2-14.23.5.2847.jar
file:/E:/GRASS_CRAFT/.minecraft/mods/%23%20LibLoader.jar
file:/E:/GRASS_CRAFT/.minecraft/libraries/net/minecraft/launchwrapper/1.12/launchwrapper-1.12.jar
file:/E:/GRASS_CRAFT/.minecraft/libraries/org/ow2/asm/asm-all/5.2/asm-all-5.2.jar
file:/E:/GRASS_CRAFT/.minecraft/libraries/org/jline/jline/3.5.1/jline-3.5.1.jar
file:/E:/GRASS_CRAFT/.minecraft/libraries/net/java/dev/jna/jna/4.4.0/jna-4.4.0.jar
file:/E:/GRASS_CRAFT/.minecraft/libraries/com/typesafe/akka/akka-actor_2.11/2.3.3/akka-actor_2.11-2.3.3.jar
file:/E:/GRASS_CRAFT/.minecraft/libraries/com/typesafe/config/1.2.1/config-1.2.1.jar
file:/E:/GRASS_CRAFT/.minecraft/libraries/org/scala-lang/scala-actors-migration_2.11/1.1.0/scala-actors-migration_2.11-1.1.0.jar
file:/E:/GRASS_CRAFT/.minecraft/libraries/org/scala-lang/scala-compiler/2.11.1/scala-compiler-2.11.1.jar
file:/E:/GRASS_CRAFT/.minecraft/libraries/org/scala-lang/plugins/scala-continuations-library_2.11/1.0.2/scala-continuations-library_2.11-1.0.2.jar
file:/E:/GRASS_CRAFT/.minecraft/libraries/org/scala-lang/plugins/scala-continuations-plugin_2.11.1/1.0.2/scala-continuations-plugin_2.11.1-1.0.2.jar
file:/E:/GRASS_CRAFT/.minecraft/libraries/org/scala-lang/scala-library/2.11.1/scala-library-2.11.1.jar
file:/E:/GRASS_CRAFT/.minecraft/libraries/org/scala-lang/scala-parser-combinators_2.11/1.0.1/scala-parser-combinators_2.11-1.0.1.jar
file:/E:/GRASS_CRAFT/.minecraft/libraries/org/scala-lang/scala-reflect/2.11.1/scala-reflect-2.11.1.jar
file:/E:/GRASS_CRAFT/.minecraft/libraries/org/scala-lang/scala-swing_2.11/1.0.1/scala-swing_2.11-1.0.1.jar
file:/E:/GRASS_CRAFT/.minecraft/libraries/org/scala-lang/scala-xml_2.11/1.0.2/scala-xml_2.11-1.0.2.jar
file:/E:/GRASS_CRAFT/.minecraft/libraries/lzma/lzma/0.0.1/lzma-0.0.1.jar
file:/E:/GRASS_CRAFT/.minecraft/libraries/net/sf/jopt-simple/jopt-simple/5.0.3/jopt-simple-5.0.3.jar
file:/E:/GRASS_CRAFT/.minecraft/libraries/java3d/vecmath/1.5.2/vecmath-1.5.2.jar
file:/E:/GRASS_CRAFT/.minecraft/libraries/net/sf/trove4j/trove4j/3.0.3/trove4j-3.0.3.jar
file:/E:/GRASS_CRAFT/.minecraft/libraries/org/apache/maven/maven-artifact/3.5.3/maven-artifact-3.5.3.jar
file:/E:/GRASS_CRAFT/.minecraft/libraries/optifine/launchwrapper-of/2.1/launchwrapper-of-2.1.jar
file:/E:/GRASS_CRAFT/.minecraft/libraries/com/mojang/patchy/1.1/patchy-1.1.jar
file:/E:/GRASS_CRAFT/.minecraft/libraries/oshi-project/oshi-core/1.1/oshi-core-1.1.jar
file:/E:/GRASS_CRAFT/.minecraft/libraries/net/java/dev/jna/platform/3.4.0/platform-3.4.0.jar
file:/E:/GRASS_CRAFT/.minecraft/libraries/com/ibm/icu/icu4j-core-mojang/51.2/icu4j-core-mojang-51.2.jar
file:/E:/GRASS_CRAFT/.minecraft/libraries/com/paulscode/codecjorbis/20101023/codecjorbis-20101023.jar
file:/E:/GRASS_CRAFT/.minecraft/libraries/com/paulscode/codecwav/20101023/codecwav-20101023.jar
file:/E:/GRASS_CRAFT/.minecraft/libraries/com/paulscode/libraryjavasound/20101123/libraryjavasound-20101123.jar
file:/E:/GRASS_CRAFT/.minecraft/libraries/com/paulscode/librarylwjglopenal/20100824/librarylwjglopenal-20100824.jar
file:/E:/GRASS_CRAFT/.minecraft/libraries/com/paulscode/soundsystem/20120107/soundsystem-20120107.jar
file:/E:/GRASS_CRAFT/.minecraft/libraries/io/netty/netty-all/4.1.9.Final/netty-all-4.1.9.Final.jar
file:/E:/GRASS_CRAFT/.minecraft/libraries/com/google/guava/guava/21.0/guava-21.0.jar
file:/E:/GRASS_CRAFT/.minecraft/libraries/org/apache/commons/commons-lang3/3.5/commons-lang3-3.5.jar
file:/E:/GRASS_CRAFT/.minecraft/libraries/commons-io/commons-io/2.5/commons-io-2.5.jar
file:/E:/GRASS_CRAFT/.minecraft/libraries/commons-codec/commons-codec/1.10/commons-codec-1.10.jar
file:/E:/GRASS_CRAFT/.minecraft/libraries/net/java/jinput/jinput/2.0.5/jinput-2.0.5.jar
file:/E:/GRASS_CRAFT/.minecraft/libraries/net/java/jutils/jutils/1.0.0/jutils-1.0.0.jar
file:/E:/GRASS_CRAFT/.minecraft/libraries/com/google/code/gson/gson/2.8.0/gson-2.8.0.jar
file:/E:/GRASS_CRAFT/.minecraft/libraries/com/mojang/authlib/1.5.25/authlib-1.5.25.jar
file:/E:/GRASS_CRAFT/.minecraft/libraries/com/mojang/realms/1.10.22/realms-1.10.22.jar
file:/E:/GRASS_CRAFT/.minecraft/libraries/org/apache/commons/commons-compress/1.8.1/commons-compress-1.8.1.jar
file:/E:/GRASS_CRAFT/.minecraft/libraries/org/apache/httpcomponents/httpclient/4.3.3/httpclient-4.3.3.jar
file:/E:/GRASS_CRAFT/.minecraft/libraries/commons-logging/commons-logging/1.1.3/commons-logging-1.1.3.jar
file:/E:/GRASS_CRAFT/.minecraft/libraries/org/apache/httpcomponents/httpcore/4.3.2/httpcore-4.3.2.jar
file:/E:/GRASS_CRAFT/.minecraft/libraries/it/unimi/dsi/fastutil/7.1.0/fastutil-7.1.0.jar
file:/E:/GRASS_CRAFT/.minecraft/libraries/org/apache/logging/log4j/log4j-api/2.8.1/log4j-api-2.8.1.jar
file:/E:/GRASS_CRAFT/.minecraft/libraries/org/apache/logging/log4j/log4j-core/2.8.1/log4j-core-2.8.1.jar
file:/E:/GRASS_CRAFT/.minecraft/libraries/org/lwjgl/lwjgl/lwjgl/2.9.4-nightly-20150209/lwjgl-2.9.4-nightly-20150209.jar
file:/E:/GRASS_CRAFT/.minecraft/libraries/org/lwjgl/lwjgl/lwjgl_util/2.9.4-nightly-20150209/lwjgl_util-2.9.4-nightly-20150209.jar
file:/E:/GRASS_CRAFT/.minecraft/libraries/com/mojang/text2speech/1.10.3/text2speech-1.10.3.jar
file:/E:/GRASS_CRAFT/.minecraft/libraries/optifine/OptiFine/1.12.2_HD_U_F5/OptiFine-1.12.2_HD_U_F5-installer.jar
file:/E:/GRASS_CRAFT/.minecraft/versions/1.12.2/1.12.2.jar
file:/E:/GRASS_CRAFT/.minecraft/mods/%5B环境污染%5DAdPother-1.12.2-1.2.0.0-build.0454.jar
file:/E:/GRASS_CRAFT/.minecraft/mods/enchcontrol-1.12.2-1.1.5-0.jar
file:/E:/GRASS_CRAFT/.minecraft/mods/HardcoreDarkness-MC1.12.2-2.0.jar
file:/E:/GRASS_CRAFT/.minecraft/mods/Paraglider-1.12.2-1.0.1.5.jar
file:/E:/GRASS_CRAFT/.minecraft/mods/TickThreading-0.0.1-extended.jar]
[TickThreading/main/ERROR] Failed to remove SecurityManager
[TickThreading/main/INFO] TickThreading v0.0.1 for MC1.12.2 CoreMod initialised
[ModPatcher/main/INFO] ModPatcher running under classloader net.minecraft.launchwrapper.LaunchClassLoader
[JavaPatcher/main/INFO] Added patch minecraftExtended: Patcher.ClassPatchDescriptor(name=net.minecraft.server.MinecraftServer, patches=[Patcher.PatchDescriptor(methods=run()V, patch=replaceMethodCall)])
[JavaPatcher/main/INFO] Added patch minecraftExtended: Patcher.ClassPatchDescriptor(name=net.minecraft.profiler.Profiler, patches=[Patcher.PatchDescriptor(methods=func_76320_a(Ljava/lang/String;)V,func_76318_c(Ljava/lang/String;)V,func_76319_b()V, patch=disableMethod)])
[JavaPatcher/main/INFO] Added patch minecraftExtended: Patcher.ClassPatchDescriptor(name=net.minecraftforge.common.DimensionManager, patches=[Patcher.PatchDescriptor(methods=setWorld(), patch=synchronize)])
[ModPatcher/main/INFO] Found Mixin class 'org.minimallycorrect.tickthreading.mixin.extended.forge.MixinDimensionManager' targeting class 'net.minecraftforge.common.DimensionManager with 3 applicators.
[ModPatcher/main/INFO] Found Mixin class 'org.minimallycorrect.tickthreading.mixin.extended.forge.MixinOreDictionary' targeting class 'net.minecraftforge.oredict.OreDictionary with 3 applicators.
[ModPatcher/main/INFO] Found Mixin class 'org.minimallycorrect.tickthreading.mixin.extended.server.MixinMinecraftServer' targeting class 'net.minecraft.server.MinecraftServer with 14 applicators.
[ModPatcher/main/INFO] Found Mixin class 'org.minimallycorrect.tickthreading.mixin.extended.world.MixinWorld' targeting class 'net.minecraft.world.World with 12 applicators.
[ModPatcher/main/INFO] Found Mixin class 'org.minimallycorrect.tickthreading.mixin.extended.world.MixinWorldServer' targeting class 'net.minecraft.world.WorldServer with 4 applicators.
[ModPatcher/main/INFO] Found Mixin class 'org.minimallycorrect.tickthreading.mixin.forge.MixinFMLCommonHandler' targeting class 'net.minecraftforge.fml.common.FMLCommonHandler with 4 applicators.
[ModPatcher/main/INFO] Found Mixin class 'org.minimallycorrect.tickthreading.mixin.world.MixinChunk' targeting class 'net.minecraft.world.chunk.Chunk with 3 applicators.
[ModPatcher/main/INFO] Found Mixin class 'org.minimallycorrect.tickthreading.mixin.world.MixinChunkProviderServer' targeting class 'net.minecraft.world.gen.ChunkProviderServer with 3 applicators.
[ModPatcher/main/INFO] Found Mixin class 'org.minimallycorrect.tickthreading.mixin.world.MixinWorld' targeting class 'net.minecraft.world.World with 12 applicators.
[ModPatcher/main/INFO] Found Mixin class 'org.minimallycorrect.tickthreading.mixin.world.MixinWorldEntitySpawner' targeting class 'net.minecraft.world.WorldEntitySpawner with 9 applicators.
[ModPatcher/main/INFO] Transformers: [net.minecraftforge.fml.common.asm.transformers.PatchingTransformer@734aa1fc, optifine.OptiFineClassTransformer@f7764530, org.spongepowered.asm.mixin.transformer.Proxy@1fe7770c, TransformerWrapper(net.minecraftforge.fml.common.asm.transformers.SideTransformer, FMLCorePlugin), TransformerWrapper(net.minecraftforge.fml.common.asm.transformers.EventSubscriptionTransformer, FMLCorePlugin), TransformerWrapper(net.minecraftforge.fml.common.asm.transformers.EventSubscriberTransformer, FMLCorePlugin), TransformerWrapper(net.minecraftforge.fml.common.asm.transformers.SoundEngineFixTransformer, FMLCorePlugin), TransformerWrapper(com.endertech.minecraft.mods.adpother.transformers.AcidRain$Vanilla, LoadingPlugin), TransformerWrapper(com.endertech.minecraft.mods.adpother.transformers.AcidRain$DynamicSurroundings, LoadingPlugin), TransformerWrapper(com.endertech.minecraft.mods.adpother.transformers.AcidRain$Weather2$Mesh, LoadingPlugin), TransformerWrapper(com.endertech.minecraft.mods.adpother.transformers.AcidRain$Weather2$Render, LoadingPlugin), TransformerWrapper(com.endertech.minecraft.mods.adpother.transformers.ActuallyAdditions$FurnaceDouble, LoadingPlugin), TransformerWrapper(com.endertech.minecraft.mods.adpother.transformers.ActuallyAdditions$CoalGenerator, LoadingPlugin), TransformerWrapper(com.endertech.minecraft.mods.adpother.transformers.BetterWithMods$Furnace, LoadingPlugin), TransformerWrapper(com.endertech.minecraft.mods.adpother.transformers.CookingForBlockheads$Oven, LoadingPlugin), TransformerWrapper(com.endertech.minecraft.mods.adpother.transformers.DraconicEvolution$Generator, LoadingPlugin), TransformerWrapper(com.endertech.minecraft.mods.adpother.transformers.EmbersRekindled$EmberBore, LoadingPlugin), TransformerWrapper(com.endertech.minecraft.mods.adpother.transformers.EmbersRekindled$SteamEngine, LoadingPlugin), TransformerWrapper(com.endertech.minecraft.mods.adpother.transformers.EnderIO$StirlingGenerator, LoadingPlugin), TransformerWrapper(com.endertech.minecraft.mods.adpother.transformers.EngineersDecor$DecorFurnace, LoadingPlugin), TransformerWrapper(com.endertech.minecraft.mods.adpother.transformers.FastFurnace, LoadingPlugin), TransformerWrapper(com.endertech.minecraft.mods.adpother.transformers.FurnaceOverhaul$Furnace, LoadingPlugin), TransformerWrapper(com.endertech.minecraft.mods.adpother.transformers.FutureMC$AdvancedFurnace, LoadingPlugin), TransformerWrapper(com.endertech.minecraft.mods.adpother.transformers.FloodLights$CarbonFloodlight, LoadingPlugin), TransformerWrapper(com.endertech.minecraft.mods.adpother.transformers.Galacticraft$AutoRocket, LoadingPlugin), TransformerWrapper(com.endertech.minecraft.mods.adpother.transformers.Galacticraft$Buggy, LoadingPlugin), TransformerWrapper(com.endertech.minecraft.mods.adpother.transformers.ImmersiveCraft$FurnaceTE, LoadingPlugin), TransformerWrapper(com.endertech.minecraft.mods.adpother.transformers.ImmersiveEngineering$TileEntityCokeOven, LoadingPlugin), TransformerWrapper(com.endertech.minecraft.mods.adpother.transformers.ImmersiveEngineering$TileEntityBlastFurnace, LoadingPlugin), TransformerWrapper(com.endertech.minecraft.mods.adpother.transformers.ImmersiveEngineering$TileEntityDieselGenerator, LoadingPlugin), TransformerWrapper(com.endertech.minecraft.mods.adpother.transformers.ImmersivePetroleum$Motorboat, LoadingPlugin), TransformerWrapper(com.endertech.minecraft.mods.adpother.transformers.ImmersivePetroleum$PortableGenerator, LoadingPlugin), TransformerWrapper(com.endertech.minecraft.mods.adpother.transformers.ImmersiveRailroading$LocomotiveDiesel, LoadingPlugin), TransformerWrapper(com.endertech.minecraft.mods.adpother.transformers.ImmersiveRailroading$LocomotiveSteam, LoadingPlugin), TransformerWrapper(com.endertech.minecraft.mods.adpother.transformers.ImmersiveTechnology$Boiler, LoadingPlugin), TransformerWrapper(com.endertech.minecraft.mods.adpother.transformers.Magneticraft$CombustionChamber, LoadingPlugin), TransformerWrapper(com.endertech.minecraft.mods.adpother.transformers.Magneticraft$BigChamberSolidFuel, LoadingPlugin), TransformerWrapper(com.endertech.minecraft.mods.adpother.transformers.Magneticraft$BigChamberLiquidFuel, LoadingPlugin), TransformerWrapper(com.endertech.minecraft.mods.adpother.transformers.Mekanism$FuelwoodHeater, LoadingPlugin), TransformerWrapper(com.endertech.minecraft.mods.adpother.transformers.Metallurgy$Alloyer, LoadingPlugin), TransformerWrapper(com.endertech.minecraft.mods.adpother.transformers.Metallurgy$Crusher, LoadingPlugin), TransformerWrapper(com.endertech.minecraft.mods.adpother.transformers.Minecraft$AnimalFeeding, LoadingPlugin), TransformerWrapper(com.endertech.minecraft.mods.adpother.transformers.MoreFurnaces$IronFurnace, LoadingPlugin), TransformerWrapper(com.endertech.minecraft.mods.adpother.transformers.MysticalAgriculture$InferiumFurnace, LoadingPlugin), TransformerWrapper(com.endertech.minecraft.mods.adpother.transformers.MysticalAgriculture$IntermediumFurnace, LoadingPlugin), TransformerWrapper(com.endertech.minecraft.mods.adpother.transformers.MysticalAgriculture$PrudentiumFurnace, LoadingPlugin), TransformerWrapper(com.endertech.minecraft.mods.adpother.transformers.MysticalAgriculture$SuperiumFurnace, LoadingPlugin), TransformerWrapper(com.endertech.minecraft.mods.adpother.transformers.MysticalAgriculture$SupremiumFurnace, LoadingPlugin), TransformerWrapper(com.endertech.minecraft.mods.adpother.transformers.MysticalAgriculture$UltimateFurnace, LoadingPlugin), TransformerWrapper(com.endertech.minecraft.mods.adpother.transformers.Natura$NetherrackFurnace, LoadingPlugin), TransformerWrapper(com.endertech.minecraft.mods.adpother.transformers.PneumaticCraft$AirCompressor, LoadingPlugin), TransformerWrapper(com.endertech.minecraft.mods.adpother.transformers.PrimalCore$RecipeHelper, LoadingPlugin), TransformerWrapper(com.endertech.minecraft.mods.adpother.transformers.Pyrotech$TileCombustion, LoadingPlugin), TransformerWrapper(com.endertech.minecraft.mods.adpother.transformers.RealisticTorches$BlockTorch, LoadingPlugin), TransformerWrapper(com.endertech.minecraft.mods.adpother.transformers.RFTools$CoalGenerator, LoadingPlugin), TransformerWrapper(com.endertech.minecraft.mods.adpother.transformers.StevesCarts$ModuleCoal, LoadingPlugin), TransformerWrapper(com.endertech.minecraft.mods.adpother.transformers.TechReborn$TileIronAlloyFurnace, LoadingPlugin), TransformerWrapper(com.endertech.minecraft.mods.adpother.transformers.TechReborn$TileIronFurnace, LoadingPlugin), TransformerWrapper(com.endertech.minecraft.mods.adpother.transformers.TechReborn$TileSolidFuelGenerator, LoadingPlugin), TransformerWrapper(com.endertech.minecraft.mods.adpother.transformers.TinkersConstruct$HeatingStructure, LoadingPlugin), TransformerWrapper(com.endertech.minecraft.mods.adpother.transformers.SimpleGrinder$CoalGrinder, LoadingPlugin), TransformerWrapper(com.endertech.minecraft.mods.adpother.transformers.UltimateCarMod$Car, LoadingPlugin), TransformerWrapper(com.endertech.minecraft.mods.adpother.transformers.ViesCraft$AirShip, LoadingPlugin), TransformerWrapper(com.endertech.minecraft.mods.adpother.renders.AerometerRender, LoadingPlugin), TransformerWrapper(com.endertech.minecraft.mods.adpother.pollution.WorldData$BlockCaughtFire, LoadingPlugin), TransformerWrapper(com.endertech.minecraft.mods.adpother.pollution.WorldData$BlockUpdateTick, LoadingPlugin), TransformerWrapper(com.endertech.minecraft.mods.adpother.pollution.WorldData$BlockExploded, LoadingPlugin), TransformerWrapper(com.endertech.minecraft.mods.adpother.pollution.WorldData$GetSkyColor, LoadingPlugin), TransformerWrapper(com.endertech.minecraft.mods.adpother.pollution.WorldData$FurnaceFuelBurned, LoadingPlugin), TransformerWrapper(com.endertech.minecraft.mods.adpother.pollution.WorldData$LavaTouchesWater, LoadingPlugin), TransformerWrapper(austeretony.enchcontrol.common.core.ECClassTransformer, EC Core Plugin), TransformerWrapper(com.sonicether.soundphysics.CoreModInjector, CoreModLoader), TransformerWrapper(me.towdium.jecharacters.core.JechClassTransformer, JechCore), TransformerWrapper(com.creativemd.itemphysic.ItemTransformer, ItemPatchingLoader), net.minecraftforge.fml.common.asm.transformers.DeobfuscationTransformer@4dc5be69, net.minecraftforge.fml.common.asm.transformers.AccessTransformer@990daf72, net.minecraftforge.fml.common.asm.transformers.ModAccessTransformer@ad800a06, net.minecraftforge.fml.common.asm.transformers.ItemStackTransformer@a3c85b4b, net.minecraftforge.fml.common.asm.transformers.ItemBlockTransformer@c20ae2e7, net.minecraftforge.fml.common.asm.transformers.ItemBlockSpecialTransformer@f4e1b6e9, net.minecraftforge.fml.common.asm.transformers.PotionEffectTransformer@d0d923e, org.spongepowered.asm.mixin.transformer.Proxy@db51832b, TransformerWrapper(lumien.hardcoredarkness.asm.ClassTransformer, LoadingPlugin), TransformerWrapper(com.tictim.paraglider.asm.TransformerModelBiped, ParagliderLoadingPlugin), TransformerWrapper(com.bloodnbonesgaming.bnbgamingcore.core.BNBGamingCoreClassTransformer, BNBGamingCore), TransformerWrapper(com.teamwizardry.librarianlib.asm.LibLibTransformer, LibrarianLib Plugin), TransformerWrapper(vazkii.quark.base.asm.ClassTransformer, Quark Plugin), TransformerWrapper(lumien.resourceloader.asm.ClassTransformer, LoadingPlugin), TransformerWrapper(blusunrize.immersiveengineering.common.asm.IEClassTransformer, IELoadingPlugin), TransformerWrapper(net.ilexiconn.llibrary.server.core.plugin.LLibraryTransformer, llibrary), TransformerWrapper(net.ilexiconn.llibrary.server.core.patcher.LLibraryRuntimePatcher, llibrary), TransformerWrapper(com.github.alexthe666.iceandfire.patcher.IceAndFireRuntimePatcher, iceandfire), TransformerWrapper(team.chisel.ctm.client.asm.CTMTransformer, CTMCorePlugin), net.minecraftforge.fml.common.asm.transformers.TerminalTransformer@26ab8a40, org.spongepowered.asm.mixin.transformer.Proxy@d9d65848, org.minimallycorrect.modpatcher.api.ModPatcherTransformer$ClassTransformer@6423a117]
[ModPatcher/main/INFO] Handling class org.minimallycorrect.tickthreading.mixin.extended.world.MixinWorld with annotation @interface org.minimallycorrect.mixin.Mixin({})
[ModPatcher/main/INFO] Handling class org.minimallycorrect.tickthreading.mixin.world.MixinWorld with annotation @interface org.minimallycorrect.mixin.Mixin({})
[ModPatcher/main/INFO] Handling class org.minimallycorrect.tickthreading.mixin.extended.server.MixinMinecraftServer with annotation @interface org.minimallycorrect.mixin.Mixin({})
[JavaPatcher/main/TRACE] Patching net.minecraft.server.MinecraftServer with replaceMethodCall(deobf:net.minecraft.server.MinecraftServer/run,method:func_184107_a) {run()V}
[JavaPatcher/main/TRACE] Replaced call to net.minecraft.server.MinecraftServer/func_184107_a in net.minecraft.server.MinecraftServer.run()
[ModPatcher/main/INFO] Handling class org.minimallycorrect.tickthreading.mixin.extended.world.MixinWorldServer with annotation @interface org.minimallycorrect.mixin.Mixin({})
[JavaPatcher/main/TRACE] Patching net.minecraft.profiler.Profiler with disableMethod(deobf:net.minecraft.profiler.Profiler/startSection) {func_76320_a(Ljava/lang/String;)V,func_76318_c(Ljava/lang/String;)V,func_76319_b()V}
[ModPatcher/Client thread/INFO] Handling class org.minimallycorrect.tickthreading.mixin.forge.MixinFMLCommonHandler with annotation @interface org.minimallycorrect.mixin.Mixin({})
[ModPatcher/Client thread/INFO] Handling class org.minimallycorrect.tickthreading.mixin.world.MixinChunk with annotation @interface org.minimallycorrect.mixin.Mixin({})
[ModPatcher/Client thread/INFO] Handling class org.minimallycorrect.tickthreading.mixin.extended.forge.MixinDimensionManager with annotation @interface org.minimallycorrect.mixin.Mixin({})
[JavaPatcher/Client thread/ERROR] Couldn't find patch with name synchronize when patching net.minecraftforge.common.DimensionManager
[ModPatcher/Client thread/INFO] Handling class org.minimallycorrect.tickthreading.mixin.extended.forge.MixinOreDictionary with annotation @interface org.minimallycorrect.mixin.Mixin({})
