[PREINITIALIZATION][CLIENT][INFO] Current loaders after merging: [[preinit]]
[PREINITIALIZATION][CLIENT][INFO] Loading scripts for loader with names [preinit]
[PREINITIALIZATION][CLIENT][INFO] [preinit | SIDE_CLIENT]: Skipping file {[32768:crafttweaker]: grassUtils\Logger.zs} as we are currently loading with a different loader
[PREINITIALIZATION][CLIENT][INFO] [preinit | SIDE_CLIENT]: Skipping file {[32768:contenttweaker]: grassUtils\LoggerCot.zs} as we are currently loading with a different loader
[PREINITIALIZATION][CLIENT][INFO] [preinit | SIDE_CLIENT]: Skipping file {[32768:contenttweaker]: grassUtils\scriptLoaderMessageHandler\ContentTweaker.zs} as we are currently loading with a different loader
[PREINITIALIZATION][CLIENT][INFO] [preinit | SIDE_CLIENT]: Skipping file {[32768:crafttweaker]: grassUtils\scriptLoaderMessageHandler\CraftTweaker.zs} as we are currently loading with a different loader
[PREINITIALIZATION][CLIENT][INFO] [preinit | SIDE_CLIENT]: Loading Script: {[32768:preinit]: grassUtils\scriptLoaderMessageHandler\Preinit.zs}
[PREINITIALIZATION][CLIENT][INFO] [preinit | SIDE_CLIENT]: Skipping file {[32767:crafttweaker]: grassUtils\classes\ConditionedItemStack.zs} as we are currently loading with a different loader
[PREINITIALIZATION][CLIENT][INFO] [preinit | SIDE_CLIENT]: Skipping file {[32767:crafttweaker]: grassUtils\StringHelper.zs} as we are currently loading with a different loader
[PREINITIALIZATION][CLIENT][INFO] [preinit | SIDE_CLIENT]: Skipping file {[32767:contenttweaker]: grassUtils\StringHelperCot.zs} as we are currently loading with a different loader
[PREINITIALIZATION][CLIENT][INFO] [preinit | SIDE_CLIENT]: Skipping file {[32766:crafttweaker]: grassUtils\EventUtils.zs} as we are currently loading with a different loader
[PREINITIALIZATION][CLIENT][INFO] [preinit | SIDE_CLIENT]: Skipping file {[32766:contenttweaker]: grassUtils\EventUtilsCot.zs} as we are currently loading with a different loader
[PREINITIALIZATION][CLIENT][INFO] [preinit | SIDE_CLIENT]: Skipping file {[30005:crafttweaker]: grassUtils\IngredientHelper.zs} as we are currently loading with a different loader
[PREINITIALIZATION][CLIENT][INFO] [preinit | SIDE_CLIENT]: Skipping file {[30001:contenttweaker]: grassUtils\classes\MaterialSystemHelper.zs} as we are currently loading with a different loader
[PREINITIALIZATION][CLIENT][INFO] [preinit | SIDE_CLIENT]: Skipping file {[30000:contenttweaker]: grassUtils\CotUtils.zs} as we are currently loading with a different loader
[PREINITIALIZATION][CLIENT][INFO] [preinit | SIDE_CLIENT]: Skipping file {[30000:crafttweaker]: grassUtils\RecipeUtils.zs} as we are currently loading with a different loader
[PREINITIALIZATION][CLIENT][INFO] [preinit | SIDE_CLIENT]: Skipping file {[29998:crafttweaker]: grassUtils\GrassUtils.zs} as we are currently loading with a different loader
[PREINITIALIZATION][CLIENT][INFO] [preinit | SIDE_CLIENT]: Skipping file {[29998:contenttweaker]: grassUtils\GrassUtilsCot.zs} as we are currently loading with a different loader
[PREINITIALIZATION][CLIENT][INFO] [preinit | SIDE_CLIENT]: Skipping file {[0:crafttweaker]: balanceBan.zs} as we are currently loading with a different loader
[PREINITIALIZATION][CLIENT][INFO] [preinit | SIDE_CLIENT]: Skipping file {[0:crafttweaker]: ban.zs} as we are currently loading with a different loader
[PREINITIALIZATION][CLIENT][INFO] [preinit | SIDE_CLIENT]: Skipping file {[0:crafttweaker]: etc.zs} as we are currently loading with a different loader
[PREINITIALIZATION][CLIENT][INFO] [preinit | SIDE_CLIENT]: Skipping file {[0:contenttweaker]: fluid.zs} as we are currently loading with a different loader
[PREINITIALIZATION][CLIENT][INFO] [preinit | SIDE_CLIENT]: Skipping file {[0:crafttweaker]: getbackfromnether.zs} as we are currently loading with a different loader
[PREINITIALIZATION][CLIENT][INFO] [preinit | SIDE_CLIENT]: Skipping file {[0:crafttweaker]: higher.zs} as we are currently loading with a different loader
[PREINITIALIZATION][CLIENT][INFO] [preinit | SIDE_CLIENT]: Skipping file {[0:contenttweaker]: new_item.zs} as we are currently loading with a different loader
[PREINITIALIZATION][CLIENT][INFO] [preinit | SIDE_CLIENT]: Skipping file {[0:crafttweaker]: nolights.zs} as we are currently loading with a different loader
[PREINITIALIZATION][CLIENT][INFO] [preinit | SIDE_CLIENT]: Skipping file {[0:crafttweaker]: novanilla.zs} as we are currently loading with a different loader
[PREINITIALIZATION][CLIENT][INFO] [preinit | SIDE_CLIENT]: Skipping file {[0:crafttweaker]: oreveins.zs} as we are currently loading with a different loader
[PREINITIALIZATION][CLIENT][INFO] [preinit | SIDE_CLIENT]: Skipping file {[0:crafttweaker]: pyro.zs} as we are currently loading with a different loader
[PREINITIALIZATION][CLIENT][INFO] [preinit | SIDE_CLIENT]: Skipping file {[0:crafttweaker]: recipes.zs} as we are currently loading with a different loader
[PREINITIALIZATION][CLIENT][INFO] [preinit | SIDE_CLIENT]: Skipping file {[0:crafttweaker]: setHunger.zs} as we are currently loading with a different loader
[PREINITIALIZATION][CLIENT][INFO] [preinit | SIDE_CLIENT]: Skipping file {[0:crafttweaker]: skills.zs} as we are currently loading with a different loader
[PREINITIALIZATION][CLIENT][INFO] [preinit | SIDE_CLIENT]: Skipping file {[0:crafttweaker]: ToolTip.zs} as we are currently loading with a different loader
[PREINITIALIZATION][CLIENT][INFO] [preinit | SIDE_CLIENT]: Skipping file {[0:crafttweaker]: WaJue.zs} as we are currently loading with a different loader
[PREINITIALIZATION][CLIENT][INFO] [preinit | SIDE_CLIENT]: Skipping file {[0:crafttweaker]: yanmo.zs} as we are currently loading with a different loader
[PREINITIALIZATION][CLIENT][INFO] [preinit | SIDE_CLIENT]: Skipping file {[0:crafttweaker]: 新建文本文档.zs} as we are currently loading with a different loader
[PREINITIALIZATION][CLIENT][INFO] Completed script loading in: 224ms
[PREINITIALIZATION][CLIENT][INFO] Current loaders after merging: [[preinit], [contenttweaker]]
[PREINITIALIZATION][CLIENT][INFO] Loading scripts for loader with names [contenttweaker]
[PREINITIALIZATION][CLIENT][INFO] [contenttweaker | SIDE_CLIENT]: Skipping file {[32768:crafttweaker]: grassUtils\Logger.zs} as we are currently loading with a different loader
[PREINITIALIZATION][CLIENT][INFO] [contenttweaker | SIDE_CLIENT]: Loading Script: {[32768:contenttweaker]: grassUtils\LoggerCot.zs}
[PREINITIALIZATION][CLIENT][INFO] [contenttweaker | SIDE_CLIENT]: Loading Script: {[32768:contenttweaker]: grassUtils\scriptLoaderMessageHandler\ContentTweaker.zs}
[PREINITIALIZATION][CLIENT][INFO] [contenttweaker | SIDE_CLIENT]: Skipping file {[32768:crafttweaker]: grassUtils\scriptLoaderMessageHandler\CraftTweaker.zs} as we are currently loading with a different loader
[PREINITIALIZATION][CLIENT][INFO] [contenttweaker | SIDE_CLIENT]: Skipping file {[32768:preinit]: grassUtils\scriptLoaderMessageHandler\Preinit.zs} as we are currently loading with a different loader
[PREINITIALIZATION][CLIENT][INFO] [contenttweaker | SIDE_CLIENT]: Skipping file {[32767:crafttweaker]: grassUtils\classes\ConditionedItemStack.zs} as we are currently loading with a different loader
[PREINITIALIZATION][CLIENT][INFO] [contenttweaker | SIDE_CLIENT]: Skipping file {[32767:crafttweaker]: grassUtils\StringHelper.zs} as we are currently loading with a different loader
[PREINITIALIZATION][CLIENT][INFO] [contenttweaker | SIDE_CLIENT]: Loading Script: {[32767:contenttweaker]: grassUtils\StringHelperCot.zs}
[PREINITIALIZATION][CLIENT][INFO] [contenttweaker | SIDE_CLIENT]: Skipping file {[32766:crafttweaker]: grassUtils\EventUtils.zs} as we are currently loading with a different loader
[PREINITIALIZATION][CLIENT][INFO] [contenttweaker | SIDE_CLIENT]: Loading Script: {[32766:contenttweaker]: grassUtils\EventUtilsCot.zs}
[PREINITIALIZATION][CLIENT][INFO] [contenttweaker | SIDE_CLIENT]: Skipping file {[30005:crafttweaker]: grassUtils\IngredientHelper.zs} as we are currently loading with a different loader
[PREINITIALIZATION][CLIENT][INFO] [contenttweaker | SIDE_CLIENT]: Loading Script: {[30001:contenttweaker]: grassUtils\classes\MaterialSystemHelper.zs}
[PREINITIALIZATION][CLIENT][ERROR] grassUtils\classes\MaterialSystemHelper.zs:33 > could not find toString
[PREINITIALIZATION][CLIENT][INFO] [contenttweaker | SIDE_CLIENT]: Loading Script: {[30000:contenttweaker]: grassUtils\CotUtils.zs}
[PREINITIALIZATION][CLIENT][INFO] [contenttweaker | SIDE_CLIENT]: Skipping file {[30000:crafttweaker]: grassUtils\RecipeUtils.zs} as we are currently loading with a different loader
[PREINITIALIZATION][CLIENT][INFO] [contenttweaker | SIDE_CLIENT]: Skipping file {[29998:crafttweaker]: grassUtils\GrassUtils.zs} as we are currently loading with a different loader
[PREINITIALIZATION][CLIENT][INFO] [contenttweaker | SIDE_CLIENT]: Loading Script: {[29998:contenttweaker]: grassUtils\GrassUtilsCot.zs}
[PREINITIALIZATION][CLIENT][INFO] [contenttweaker | SIDE_CLIENT]: Skipping file {[0:crafttweaker]: balanceBan.zs} as we are currently loading with a different loader
[PREINITIALIZATION][CLIENT][INFO] [contenttweaker | SIDE_CLIENT]: Skipping file {[0:crafttweaker]: ban.zs} as we are currently loading with a different loader
[PREINITIALIZATION][CLIENT][INFO] [contenttweaker | SIDE_CLIENT]: Skipping file {[0:crafttweaker]: etc.zs} as we are currently loading with a different loader
[PREINITIALIZATION][CLIENT][INFO] [contenttweaker | SIDE_CLIENT]: Loading Script: {[0:contenttweaker]: fluid.zs}
[PREINITIALIZATION][CLIENT][INFO] [GrassUtils] Adding fluid molten_iron
[PREINITIALIZATION][CLIENT][INFO] [contenttweaker | SIDE_CLIENT]: Skipping file {[0:crafttweaker]: getbackfromnether.zs} as we are currently loading with a different loader
[PREINITIALIZATION][CLIENT][INFO] [contenttweaker | SIDE_CLIENT]: Skipping file {[0:crafttweaker]: higher.zs} as we are currently loading with a different loader
[PREINITIALIZATION][CLIENT][INFO] [contenttweaker | SIDE_CLIENT]: Loading Script: {[0:contenttweaker]: new_item.zs}
[PREINITIALIZATION][CLIENT][INFO] [contenttweaker | SIDE_CLIENT]: Skipping file {[0:crafttweaker]: nolights.zs} as we are currently loading with a different loader
[PREINITIALIZATION][CLIENT][INFO] [contenttweaker | SIDE_CLIENT]: Skipping file {[0:crafttweaker]: novanilla.zs} as we are currently loading with a different loader
[PREINITIALIZATION][CLIENT][INFO] [contenttweaker | SIDE_CLIENT]: Skipping file {[0:crafttweaker]: oreveins.zs} as we are currently loading with a different loader
[PREINITIALIZATION][CLIENT][INFO] [contenttweaker | SIDE_CLIENT]: Skipping file {[0:crafttweaker]: pyro.zs} as we are currently loading with a different loader
[PREINITIALIZATION][CLIENT][INFO] [contenttweaker | SIDE_CLIENT]: Skipping file {[0:crafttweaker]: recipes.zs} as we are currently loading with a different loader
[PREINITIALIZATION][CLIENT][INFO] [contenttweaker | SIDE_CLIENT]: Skipping file {[0:crafttweaker]: setHunger.zs} as we are currently loading with a different loader
[PREINITIALIZATION][CLIENT][INFO] [contenttweaker | SIDE_CLIENT]: Skipping file {[0:crafttweaker]: skills.zs} as we are currently loading with a different loader
[PREINITIALIZATION][CLIENT][INFO] [contenttweaker | SIDE_CLIENT]: Skipping file {[0:crafttweaker]: ToolTip.zs} as we are currently loading with a different loader
[PREINITIALIZATION][CLIENT][INFO] [contenttweaker | SIDE_CLIENT]: Skipping file {[0:crafttweaker]: WaJue.zs} as we are currently loading with a different loader
[PREINITIALIZATION][CLIENT][INFO] [contenttweaker | SIDE_CLIENT]: Skipping file {[0:crafttweaker]: yanmo.zs} as we are currently loading with a different loader
[PREINITIALIZATION][CLIENT][INFO] [contenttweaker | SIDE_CLIENT]: Skipping file {[0:crafttweaker]: 新建文本文档.zs} as we are currently loading with a different loader
[PREINITIALIZATION][CLIENT][INFO] Completed script loading in: 191ms
[PREINITIALIZATION][CLIENT][INFO] Current loaders after merging: [[preinit], [contenttweaker], [nc_preinit]]
[PREINITIALIZATION][CLIENT][INFO] Loading scripts for loader with names [nc_preinit]
[PREINITIALIZATION][CLIENT][INFO] [nc_preinit | SIDE_CLIENT]: Skipping file {[32768:crafttweaker]: grassUtils\Logger.zs} as we are currently loading with a different loader
[PREINITIALIZATION][CLIENT][INFO] [nc_preinit | SIDE_CLIENT]: Skipping file {[32768:contenttweaker]: grassUtils\LoggerCot.zs} as we are currently loading with a different loader
[PREINITIALIZATION][CLIENT][INFO] [nc_preinit | SIDE_CLIENT]: Skipping file {[32768:contenttweaker]: grassUtils\scriptLoaderMessageHandler\ContentTweaker.zs} as we are currently loading with a different loader
[PREINITIALIZATION][CLIENT][INFO] [nc_preinit | SIDE_CLIENT]: Skipping file {[32768:crafttweaker]: grassUtils\scriptLoaderMessageHandler\CraftTweaker.zs} as we are currently loading with a different loader
[PREINITIALIZATION][CLIENT][INFO] [nc_preinit | SIDE_CLIENT]: Skipping file {[32768:preinit]: grassUtils\scriptLoaderMessageHandler\Preinit.zs} as we are currently loading with a different loader
[PREINITIALIZATION][CLIENT][INFO] [nc_preinit | SIDE_CLIENT]: Skipping file {[32767:crafttweaker]: grassUtils\classes\ConditionedItemStack.zs} as we are currently loading with a different loader
[PREINITIALIZATION][CLIENT][INFO] [nc_preinit | SIDE_CLIENT]: Skipping file {[32767:crafttweaker]: grassUtils\StringHelper.zs} as we are currently loading with a different loader
[PREINITIALIZATION][CLIENT][INFO] [nc_preinit | SIDE_CLIENT]: Skipping file {[32767:contenttweaker]: grassUtils\StringHelperCot.zs} as we are currently loading with a different loader
[PREINITIALIZATION][CLIENT][INFO] [nc_preinit | SIDE_CLIENT]: Skipping file {[32766:crafttweaker]: grassUtils\EventUtils.zs} as we are currently loading with a different loader
[PREINITIALIZATION][CLIENT][INFO] [nc_preinit | SIDE_CLIENT]: Skipping file {[32766:contenttweaker]: grassUtils\EventUtilsCot.zs} as we are currently loading with a different loader
[PREINITIALIZATION][CLIENT][INFO] [nc_preinit | SIDE_CLIENT]: Skipping file {[30005:crafttweaker]: grassUtils\IngredientHelper.zs} as we are currently loading with a different loader
[PREINITIALIZATION][CLIENT][INFO] [nc_preinit | SIDE_CLIENT]: Skipping file {[30001:contenttweaker]: grassUtils\classes\MaterialSystemHelper.zs} as we are currently loading with a different loader
[PREINITIALIZATION][CLIENT][INFO] [nc_preinit | SIDE_CLIENT]: Skipping file {[30000:contenttweaker]: grassUtils\CotUtils.zs} as we are currently loading with a different loader
[PREINITIALIZATION][CLIENT][INFO] [nc_preinit | SIDE_CLIENT]: Skipping file {[30000:crafttweaker]: grassUtils\RecipeUtils.zs} as we are currently loading with a different loader
[PREINITIALIZATION][CLIENT][INFO] [nc_preinit | SIDE_CLIENT]: Skipping file {[29998:crafttweaker]: grassUtils\GrassUtils.zs} as we are currently loading with a different loader
[PREINITIALIZATION][CLIENT][INFO] [nc_preinit | SIDE_CLIENT]: Skipping file {[29998:contenttweaker]: grassUtils\GrassUtilsCot.zs} as we are currently loading with a different loader
[PREINITIALIZATION][CLIENT][INFO] [nc_preinit | SIDE_CLIENT]: Skipping file {[0:crafttweaker]: balanceBan.zs} as we are currently loading with a different loader
[PREINITIALIZATION][CLIENT][INFO] [nc_preinit | SIDE_CLIENT]: Skipping file {[0:crafttweaker]: ban.zs} as we are currently loading with a different loader
[PREINITIALIZATION][CLIENT][INFO] [nc_preinit | SIDE_CLIENT]: Skipping file {[0:crafttweaker]: etc.zs} as we are currently loading with a different loader
[PREINITIALIZATION][CLIENT][INFO] [nc_preinit | SIDE_CLIENT]: Skipping file {[0:contenttweaker]: fluid.zs} as we are currently loading with a different loader
[PREINITIALIZATION][CLIENT][INFO] [nc_preinit | SIDE_CLIENT]: Skipping file {[0:crafttweaker]: getbackfromnether.zs} as we are currently loading with a different loader
[PREINITIALIZATION][CLIENT][INFO] [nc_preinit | SIDE_CLIENT]: Skipping file {[0:crafttweaker]: higher.zs} as we are currently loading with a different loader
[PREINITIALIZATION][CLIENT][INFO] [nc_preinit | SIDE_CLIENT]: Skipping file {[0:contenttweaker]: new_item.zs} as we are currently loading with a different loader
[PREINITIALIZATION][CLIENT][INFO] [nc_preinit | SIDE_CLIENT]: Skipping file {[0:crafttweaker]: nolights.zs} as we are currently loading with a different loader
[PREINITIALIZATION][CLIENT][INFO] [nc_preinit | SIDE_CLIENT]: Skipping file {[0:crafttweaker]: novanilla.zs} as we are currently loading with a different loader
[PREINITIALIZATION][CLIENT][INFO] [nc_preinit | SIDE_CLIENT]: Skipping file {[0:crafttweaker]: oreveins.zs} as we are currently loading with a different loader
[PREINITIALIZATION][CLIENT][INFO] [nc_preinit | SIDE_CLIENT]: Skipping file {[0:crafttweaker]: pyro.zs} as we are currently loading with a different loader
[PREINITIALIZATION][CLIENT][INFO] [nc_preinit | SIDE_CLIENT]: Skipping file {[0:crafttweaker]: recipes.zs} as we are currently loading with a different loader
[PREINITIALIZATION][CLIENT][INFO] [nc_preinit | SIDE_CLIENT]: Skipping file {[0:crafttweaker]: setHunger.zs} as we are currently loading with a different loader
[PREINITIALIZATION][CLIENT][INFO] [nc_preinit | SIDE_CLIENT]: Skipping file {[0:crafttweaker]: skills.zs} as we are currently loading with a different loader
[PREINITIALIZATION][CLIENT][INFO] [nc_preinit | SIDE_CLIENT]: Skipping file {[0:crafttweaker]: ToolTip.zs} as we are currently loading with a different loader
[PREINITIALIZATION][CLIENT][INFO] [nc_preinit | SIDE_CLIENT]: Skipping file {[0:crafttweaker]: WaJue.zs} as we are currently loading with a different loader
[PREINITIALIZATION][CLIENT][INFO] [nc_preinit | SIDE_CLIENT]: Skipping file {[0:crafttweaker]: yanmo.zs} as we are currently loading with a different loader
[PREINITIALIZATION][CLIENT][INFO] [nc_preinit | SIDE_CLIENT]: Skipping file {[0:crafttweaker]: 新建文本文档.zs} as we are currently loading with a different loader
[PREINITIALIZATION][CLIENT][INFO] Completed script loading in: 1ms
[INITIALIZATION][CLIENT][INFO] CraftTweaker: Building registry
[INITIALIZATION][CLIENT][INFO] CraftTweaker: Successfully built item registry
[INITIALIZATION][CLIENT][INFO] Current loaders after merging: [[preinit], [contenttweaker], [nc_preinit], [recipeevent | crafttweaker]]
[INITIALIZATION][CLIENT][INFO] Loading scripts for loader with names [crafttweaker | recipeevent]
[INITIALIZATION][CLIENT][INFO] [crafttweaker | SIDE_CLIENT]: Loading Script: {[32768:crafttweaker]: grassUtils\Logger.zs}
[INITIALIZATION][CLIENT][INFO] [crafttweaker | SIDE_CLIENT]: Skipping file {[32768:contenttweaker]: grassUtils\LoggerCot.zs} as we are currently loading with a different loader
[INITIALIZATION][CLIENT][INFO] [crafttweaker | SIDE_CLIENT]: Skipping file {[32768:contenttweaker]: grassUtils\scriptLoaderMessageHandler\ContentTweaker.zs} as we are currently loading with a different loader
[INITIALIZATION][CLIENT][INFO] [crafttweaker | SIDE_CLIENT]: Loading Script: {[32768:crafttweaker]: grassUtils\scriptLoaderMessageHandler\CraftTweaker.zs}
[INITIALIZATION][CLIENT][INFO] [crafttweaker | SIDE_CLIENT]: Skipping file {[32768:preinit]: grassUtils\scriptLoaderMessageHandler\Preinit.zs} as we are currently loading with a different loader
[INITIALIZATION][CLIENT][INFO] [crafttweaker | SIDE_CLIENT]: Loading Script: {[32767:crafttweaker]: grassUtils\classes\ConditionedItemStack.zs}
[INITIALIZATION][CLIENT][INFO] [crafttweaker | SIDE_CLIENT]: Loading Script: {[32767:crafttweaker]: grassUtils\StringHelper.zs}
[INITIALIZATION][CLIENT][INFO] [crafttweaker | SIDE_CLIENT]: Skipping file {[32767:contenttweaker]: grassUtils\StringHelperCot.zs} as we are currently loading with a different loader
[INITIALIZATION][CLIENT][INFO] [crafttweaker | SIDE_CLIENT]: Loading Script: {[32766:crafttweaker]: grassUtils\EventUtils.zs}
[INITIALIZATION][CLIENT][INFO] [crafttweaker | SIDE_CLIENT]: Skipping file {[32766:contenttweaker]: grassUtils\EventUtilsCot.zs} as we are currently loading with a different loader
[INITIALIZATION][CLIENT][INFO] [crafttweaker | SIDE_CLIENT]: Loading Script: {[30005:crafttweaker]: grassUtils\IngredientHelper.zs}
[INITIALIZATION][CLIENT][INFO] [crafttweaker | SIDE_CLIENT]: Skipping file {[30001:contenttweaker]: grassUtils\classes\MaterialSystemHelper.zs} as we are currently loading with a different loader
[INITIALIZATION][CLIENT][INFO] [crafttweaker | SIDE_CLIENT]: Skipping file {[30000:contenttweaker]: grassUtils\CotUtils.zs} as we are currently loading with a different loader
[INITIALIZATION][CLIENT][INFO] [crafttweaker | SIDE_CLIENT]: Loading Script: {[30000:crafttweaker]: grassUtils\RecipeUtils.zs}
[INITIALIZATION][CLIENT][INFO] [crafttweaker | SIDE_CLIENT]: Loading Script: {[29998:crafttweaker]: grassUtils\GrassUtils.zs}
[INITIALIZATION][CLIENT][INFO] [crafttweaker | SIDE_CLIENT]: Skipping file {[29998:contenttweaker]: grassUtils\GrassUtilsCot.zs} as we are currently loading with a different loader
[INITIALIZATION][CLIENT][INFO] [crafttweaker | SIDE_CLIENT]: Loading Script: {[0:crafttweaker]: balanceBan.zs}
[INITIALIZATION][CLIENT][ERROR] balanceBan.zs:25: Could not resolve <angrysun : thermalunderwear_head>
[INITIALIZATION][CLIENT][ERROR] balanceBan.zs:26: Could not resolve <angrysun : stitched_reed>
[INITIALIZATION][CLIENT][ERROR] balanceBan.zs:27: Could not resolve <angrysun : thermalunderwear_head>
[INITIALIZATION][CLIENT][ERROR] balanceBan.zs:32: Could not resolve <angrysun : thermalunderwear_chest>
[INITIALIZATION][CLIENT][ERROR] balanceBan.zs:33: Could not resolve <angrysun : thermalunderwear_chest>
[INITIALIZATION][CLIENT][INFO] Removing nuclearcraft_infuser recipes for: 1 x tile.nuclearcraft.water_source:0
[INITIALIZATION][CLIENT][ERROR] Cannot remove recipes for a null item!
[INITIALIZATION][CLIENT][ERROR] Cannot remove recipes for a null item!
[INITIALIZATION][CLIENT][ERROR] [crafttweaker]: Error executing {[0:crafttweaker]: balanceBan.zs}: null
java.lang.NullPointerException
	at crafttweaker.mc1120.recipes.MCRecipeShaped.toCommandString(MCRecipeShaped.java:335)
	at crafttweaker.mc1120.recipes.MCRecipeManager$ActionBaseAddRecipe.calculateName(MCRecipeManager.java:826)
	at crafttweaker.mc1120.recipes.MCRecipeManager$ActionBaseAddRecipe.setName(MCRecipeManager.java:820)
	at crafttweaker.mc1120.recipes.MCRecipeManager$ActionAddShapedRecipe.<init>(MCRecipeManager.java:882)
	at crafttweaker.mc1120.recipes.MCRecipeManager$ActionAddShapedRecipe.<init>(MCRecipeManager.java:877)
	at crafttweaker.mc1120.recipes.MCRecipeManager.addShaped(MCRecipeManager.java:151)
	at BalanceBan.__script__(balanceBan.zs:27)
	at __ZenMain__.run(BalanceBan)
	at crafttweaker.runtime.CrTTweaker.loadScript(CrTTweaker.java:225)
	at crafttweaker.runtime.CrTTweaker.loadScript(CrTTweaker.java:105)
	at crafttweaker.mc1120.events.CommonEventHandler.registerRecipes(CommonEventHandler.java:69)
	at net.minecraftforge.fml.common.eventhandler.ASMEventHandler_1000_CommonEventHandler_registerRecipes_Register.invoke(.dynamic)
	at net.minecraftforge.fml.common.eventhandler.ASMEventHandler.invoke(ASMEventHandler.java:90)
	at net.minecraftforge.fml.common.eventhandler.EventBus$1.invoke(EventBus.java:144)
	at net.minecraftforge.fml.common.eventhandler.EventBus.post(EventBus.java:182)
	at net.minecraftforge.registries.GameData.fireRegistryEvents(GameData.java:857)
	at net.minecraftforge.common.crafting.CraftingHelper.loadRecipes(CraftingHelper.java:636)
	at net.minecraftforge.fml.common.Loader.initializeMods(Loader.java:747)
	at net.minecraftforge.fml.client.FMLClientHandler.finishMinecraftLoading(FMLClientHandler.java:336)
	at net.minecraft.client.Minecraft.func_71384_a(Minecraft.java:535)
	at net.minecraft.client.Minecraft.func_99999_d(Minecraft.java:3931)
	at net.minecraft.client.main.Main.main(SourceFile:123)
	at sun.reflect.NativeMethodAccessorImpl.invoke0(Native Method)
	at sun.reflect.NativeMethodAccessorImpl.invoke(NativeMethodAccessorImpl.java:62)
	at sun.reflect.DelegatingMethodAccessorImpl.invoke(DelegatingMethodAccessorImpl.java:43)
	at java.lang.reflect.Method.invoke(Method.java:498)
	at net.minecraft.launchwrapper.Launch.launch(Launch.java:135)
	at net.minecraft.launchwrapper.Launch.main(Launch.java:28)
[INITIALIZATION][CLIENT][INFO] [crafttweaker | SIDE_CLIENT]: Loading Script: {[0:crafttweaker]: ban.zs}
[INITIALIZATION][CLIENT][ERROR] ban.zs:1: Could not resolve <toughasnails : campfire>
[INITIALIZATION][CLIENT][ERROR] Cannot remove recipes for a null item!
[INITIALIZATION][CLIENT][INFO] [crafttweaker | SIDE_CLIENT]: Loading Script: {[0:crafttweaker]: etc.zs}
[INITIALIZATION][CLIENT][ERROR] etc.zs:1 > No such member in crafttweaker.item.IItemStack: displayname
[INITIALIZATION][CLIENT][ERROR] etc.zs:1 > not a valid lvalue
[INITIALIZATION][CLIENT][INFO] [crafttweaker | SIDE_CLIENT]: Skipping file {[0:contenttweaker]: fluid.zs} as we are currently loading with a different loader
[INITIALIZATION][CLIENT][INFO] [crafttweaker | SIDE_CLIENT]: Loading Script: {[0:crafttweaker]: getbackfromnether.zs}
[INITIALIZATION][CLIENT][INFO] [crafttweaker | SIDE_CLIENT]: Loading Script: {[0:crafttweaker]: higher.zs}
[INITIALIZATION][CLIENT][ERROR] higher.zs:11 > No such member in crafttweaker.events.IEventManager: PlayerTickEvent
[INITIALIZATION][CLIENT][ERROR] higher.zs:11 > Cannot cast a function literal to any
[INITIALIZATION][CLIENT][ERROR] [crafttweaker]: Error executing {[0:crafttweaker]: higher.zs}: null
java.lang.NullPointerException
	at Higher.__script__(higher.zs:11)
	at __ZenMain__.run(Higher)
	at crafttweaker.runtime.CrTTweaker.loadScript(CrTTweaker.java:225)
	at crafttweaker.runtime.CrTTweaker.loadScript(CrTTweaker.java:105)
	at crafttweaker.mc1120.events.CommonEventHandler.registerRecipes(CommonEventHandler.java:69)
	at net.minecraftforge.fml.common.eventhandler.ASMEventHandler_1000_CommonEventHandler_registerRecipes_Register.invoke(.dynamic)
	at net.minecraftforge.fml.common.eventhandler.ASMEventHandler.invoke(ASMEventHandler.java:90)
	at net.minecraftforge.fml.common.eventhandler.EventBus$1.invoke(EventBus.java:144)
	at net.minecraftforge.fml.common.eventhandler.EventBus.post(EventBus.java:182)
	at net.minecraftforge.registries.GameData.fireRegistryEvents(GameData.java:857)
	at net.minecraftforge.common.crafting.CraftingHelper.loadRecipes(CraftingHelper.java:636)
	at net.minecraftforge.fml.common.Loader.initializeMods(Loader.java:747)
	at net.minecraftforge.fml.client.FMLClientHandler.finishMinecraftLoading(FMLClientHandler.java:336)
	at net.minecraft.client.Minecraft.func_71384_a(Minecraft.java:535)
	at net.minecraft.client.Minecraft.func_99999_d(Minecraft.java:3931)
	at net.minecraft.client.main.Main.main(SourceFile:123)
	at sun.reflect.NativeMethodAccessorImpl.invoke0(Native Method)
	at sun.reflect.NativeMethodAccessorImpl.invoke(NativeMethodAccessorImpl.java:62)
	at sun.reflect.DelegatingMethodAccessorImpl.invoke(DelegatingMethodAccessorImpl.java:43)
	at java.lang.reflect.Method.invoke(Method.java:498)
	at net.minecraft.launchwrapper.Launch.launch(Launch.java:135)
	at net.minecraft.launchwrapper.Launch.main(Launch.java:28)
[INITIALIZATION][CLIENT][INFO] [crafttweaker | SIDE_CLIENT]: Skipping file {[0:contenttweaker]: new_item.zs} as we are currently loading with a different loader
[INITIALIZATION][CLIENT][INFO] [crafttweaker | SIDE_CLIENT]: Loading Script: {[0:crafttweaker]: nolights.zs}
[INITIALIZATION][CLIENT][INFO] [crafttweaker | SIDE_CLIENT]: Loading Script: {[0:crafttweaker]: novanilla.zs}
[INITIALIZATION][CLIENT][INFO] [crafttweaker | SIDE_CLIENT]: Loading Script: {[0:crafttweaker]: oreveins.zs}
[INITIALIZATION][CLIENT][INFO] [crafttweaker | SIDE_CLIENT]: Loading Script: {[0:crafttweaker]: pyro.zs}
[INITIALIZATION][CLIENT][INFO] [crafttweaker | SIDE_CLIENT]: Loading Script: {[0:crafttweaker]: recipes.zs}
[INITIALIZATION][CLIENT][ERROR] recipes.zs:11: Could not resolve <toughasnails : fruit_juice : 2>
[INITIALIZATION][CLIENT][ERROR] recipes.zs:11: Could not resolve <toughasnails : purified_water_bottle>
[INITIALIZATION][CLIENT][ERROR] recipes.zs:12: Could not resolve <quark : arrow_torch>
[INITIALIZATION][CLIENT][ERROR] recipes.zs:43: Could not resolve <toughasnails : fruit_juice : 2>
[INITIALIZATION][CLIENT][ERROR] recipes.zs:45: Could not resolve <realistictorches : torch_smoldering>
[INITIALIZATION][CLIENT][ERROR] recipes.zs:45: Could not resolve <toughasnails : magma_shard>
[INITIALIZATION][CLIENT][ERROR] Cannot remove recipes for a null item!
[INITIALIZATION][CLIENT][ERROR] Cannot remove recipes for a null item!
[INITIALIZATION][CLIENT][ERROR] Null not allowed in shapeless recipes! Recipe for: null not created!
[INITIALIZATION][CLIENT][ERROR] Null not allowed in shapeless recipes! Recipe for: null not created!
[INITIALIZATION][CLIENT][INFO] [crafttweaker | SIDE_CLIENT]: Loading Script: {[0:crafttweaker]: setHunger.zs}
[INITIALIZATION][CLIENT][INFO] [crafttweaker | SIDE_CLIENT]: Loading Script: {[0:crafttweaker]: skills.zs}
[INITIALIZATION][CLIENT][INFO] Restricting Journey Map fullscreen stage to FullMap.
[INITIALIZATION][CLIENT][INFO] Restricting Journey Map minimap stage to MiniMap.
[INITIALIZATION][CLIENT][INFO] Restricting Journey Map deathpoint stage to DeathPoint.
[INITIALIZATION][CLIENT][INFO] Restricting Journey Map waypoint stage to WayPoint.
[INITIALIZATION][CLIENT][INFO] Created or Loaded Skill: compatskills:seek - With Background: minecraft:textures/blocks/stonebrick.png
[INITIALIZATION][CLIENT][INFO] [crafttweaker | SIDE_CLIENT]: Loading Script: {[0:crafttweaker]: ToolTip.zs}
[INITIALIZATION][CLIENT][INFO] Adding tooltip for <iceandfire:ash>: "????????????????????????????"
[INITIALIZATION][CLIENT][INFO] [crafttweaker | SIDE_CLIENT]: Loading Script: {[0:crafttweaker]: WaJue.zs}
[INITIALIZATION][CLIENT][INFO] [crafttweaker | SIDE_CLIENT]: Loading Script: {[0:crafttweaker]: yanmo.zs}
[INITIALIZATION][CLIENT][ERROR] yanmo.zs:10 > 2 methods available but none matches the parameters (string[], any[], int, ZenTypeNative: crafttweaker.item.IIngredient[])
This is usually an error in your script, not in the mod
addRecipe(string[], ZenTypeNative: crafttweaker.item.IItemStack, int, ZenTypeNative: crafttweaker.item.IIngredient[])
addRecipe(string[], ZenTypeNative: crafttweaker.item.IItemStack, int, ZenTypeNative: crafttweaker.item.IItemStack, float, ZenTypeNative: crafttweaker.item.IIngredient[])
[INITIALIZATION][CLIENT][INFO] [crafttweaker | SIDE_CLIENT]: Loading Script: {[0:crafttweaker]: 新建文本文档.zs}
[INITIALIZATION][CLIENT][INFO] Completed script loading in: 206ms
[POSTINITIALIZATION][CLIENT][INFO] Removing recipes for various outputs
[POSTINITIALIZATION][CLIENT][INFO] Removing Shaped recipes for <emergingtechnology:torch>
[POSTINITIALIZATION][CLIENT][INFO] 0 removed
[POSTINITIALIZATION][CLIENT][INFO] Removing Shaped recipes for <advancedrocketry:thermitetorch>
[POSTINITIALIZATION][CLIENT][INFO] 0 removed
[POSTINITIALIZATION][CLIENT][INFO] Removing Shaped recipes for <minecraft:coal:1>
[POSTINITIALIZATION][CLIENT][INFO] 1 removed
[POSTINITIALIZATION][CLIENT][INFO] Removing Shaped recipes for <hooked:microcrafting:1>
[POSTINITIALIZATION][CLIENT][INFO] 1 removed
[POSTINITIALIZATION][CLIENT][INFO] Removing Shaped recipes for <minecraft:chest> * 4
[POSTINITIALIZATION][CLIENT][INFO] 0 removed
[POSTINITIALIZATION][CLIENT][INFO] Removing Shaped recipes for <immersiveengineering:cloth_device:1>
[POSTINITIALIZATION][CLIENT][INFO] 1 removed
[POSTINITIALIZATION][CLIENT][INFO] Removing Shapeless recipes for <pyrotech:torch_stone>
[POSTINITIALIZATION][CLIENT][INFO] Removing 0 Shapeless recipes.
[POSTINITIALIZATION][CLIENT][INFO] Removing Shaped recipes for <charset:pockettable>
[POSTINITIALIZATION][CLIENT][INFO] 0 removed
[POSTINITIALIZATION][CLIENT][INFO] Removing Shaped recipes for <pyrotech:torch_stone>
[POSTINITIALIZATION][CLIENT][INFO] 0 removed
[POSTINITIALIZATION][CLIENT][INFO] Adding shaped recipe for 箱子 with name ct_shaped1693108930
[POSTINITIALIZATION][CLIENT][INFO] Adding shaped recipe for 灯 with name ct_shaped-9175350
[POSTINITIALIZATION][CLIENT][INFO] Adding shaped recipe for 绿宝石 with name ct_shaped-2018063067
[POSTINITIALIZATION][CLIENT][INFO] Adding shaped recipe for 弓钻 with name ct_shaped-1471181066
[POSTINITIALIZATION][CLIENT][INFO] Adding shaped recipe for 座位 with name ct_shaped903004927
[POSTINITIALIZATION][CLIENT][INFO] Adding shaped recipe for 气球 with name ct_shaped-855562946
[POSTINITIALIZATION][CLIENT][INFO] Adding shapeless recipe for 泥土 with name ct_shapeless-90224989
[POSTINITIALIZATION][CLIENT][INFO] Adding shapeless recipe for 干燥的植物纤维 with name ct_shapeless892704888
[POSTINITIALIZATION][CLIENT][INFO] Adding shapeless recipe for 干燥的植物纤维 with name ct_shapeless-1975866913
[POSTINITIALIZATION][CLIENT][INFO] Adding shapeless recipe for 干燥的植物纤维 with name ct_shapeless346162589
[POSTINITIALIZATION][CLIENT][INFO] Adding shapeless recipe for 干燥的植物纤维 with name ct_shapeless-295279149
[POSTINITIALIZATION][CLIENT][INFO] Adding shapeless recipe for 干燥的植物纤维 with name ct_shapeless-204189144
[POSTINITIALIZATION][CLIENT][INFO] Adding shapeless recipe for 干燥的植物纤维 with name ct_shapeless299173103
[POSTINITIALIZATION][CLIENT][INFO] Adding shapeless recipe for 干燥的植物纤维 with name ct_shapeless249688492
[POSTINITIALIZATION][CLIENT][INFO] Adding shapeless recipe for 干燥的植物纤维 with name ct_shapeless1129359666
[POSTINITIALIZATION][CLIENT][INFO] Adding shaped recipe for 绳子 with name ct_shaped797493297
[POSTINITIALIZATION][CLIENT][INFO] Adding stone crucible recipe for net.minecraftforge.fluids.FluidStack@2591479e, inherited=false
[POSTINITIALIZATION][CLIENT][INFO] Adding brick crucible recipe for net.minecraftforge.fluids.FluidStack@2591479e
[POSTINITIALIZATION][CLIENT][INFO] Adding soaking pot recipe for net.minecraftforge.fluids.FluidStack@4307c36b
[POSTINITIALIZATION][CLIENT][INFO] Adding soaking pot recipe for net.minecraftforge.fluids.FluidStack@4307c36b
[POSTINITIALIZATION][CLIENT][INFO] Adding soaking pot recipe for net.minecraftforge.fluids.FluidStack@4307c36b
[POSTINITIALIZATION][CLIENT][INFO] Adding granite anvil recipe for 1xtile.stonebrick@0, inherited=false
[POSTINITIALIZATION][CLIENT][INFO] Adding stone kiln recipe for 1xitem.ceramics.unfired_clay@5, inherited=false
[POSTINITIALIZATION][CLIENT][INFO] Adding stone kiln recipe for 1xtile.ceramics.porcelain_barrel@0, inherited=false
[POSTINITIALIZATION][CLIENT][INFO] Adding stone kiln recipe for 1xtile.ceramics.porcelain_barrel_extension@0, inherited=false
[POSTINITIALIZATION][CLIENT][INFO] Adding brick kiln recipe for 1xitem.ceramics.unfired_clay@5
[POSTINITIALIZATION][CLIENT][INFO] Adding brick kiln recipe for 1xtile.ceramics.porcelain_barrel@0
[POSTINITIALIZATION][CLIENT][INFO] Adding brick kiln recipe for 1xtile.ceramics.porcelain_barrel_extension@0
[POSTINITIALIZATION][CLIENT][INFO] Adding brick kiln recipe for 1xtile.ceramics.channel@0
[POSTINITIALIZATION][CLIENT][INFO] Adding brick kiln recipe for 1xtile.ceramics.faucet@0
[POSTINITIALIZATION][CLIENT][INFO] Adding stone kiln recipe for 1xtile.ceramics.channel@0, inherited=false
[POSTINITIALIZATION][CLIENT][INFO] Adding stone kiln recipe for 1xtile.ceramics.faucet@0, inherited=false
[POSTINITIALIZATION][CLIENT][INFO] Adding brick kiln recipe for 1xitem.ceramics.unfired_clay@9
[POSTINITIALIZATION][CLIENT][INFO] Adding stone kiln recipe for 1xitem.ceramics.unfired_clay@9, inherited=false
[AVAILABLE][CLIENT][INFO] Altering mods.advancedmortars.Mortar Recipe(s) for <immersiveengineering:metal:18>
[AVAILABLE][CLIENT][INFO] Altering mods.advancedmortars.Mortar Recipe(s) for <immersiveengineering:metal:19>
[AVAILABLE][CLIENT][INFO] Altering mods.advancedmortars.Mortar Recipe(s) for <immersiveengineering:metal:9>
[AVAILABLE][CLIENT][INFO] Altering mods.advancedmortars.Mortar Recipe(s) for <immersiveengineering:metal:12>
[AVAILABLE][CLIENT][INFO] Altering mods.advancedmortars.Mortar Recipe(s) for <immersiveengineering:metal:11>
[AVAILABLE][CLIENT][INFO] Altering mods.advancedmortars.Mortar Recipe(s) for <immersiveengineering:metal:10>
[AVAILABLE][CLIENT][INFO] Altering mods.advancedmortars.Mortar Recipe(s) for <immersiveengineering:metal:13>
[AVAILABLE][CLIENT][INFO] Altering mods.advancedmortars.Mortar Recipe(s) for <immersiveengineering:metal:14>
[AVAILABLE][CLIENT][INFO] Altering mods.advancedmortars.Mortar Recipe(s) for <minecraft:cactus>
[AVAILABLE][CLIENT][INFO] Fixed the RecipeBook
